
operation steps: 1, 1, input: 987, input: 567
10/20/22 - 09:39:29        987.0 + 567.0 = 1554.0
!exit!
operation steps: 1, 2, input: 12, input: 12
10/20/22 - 09:41:39        12 - 12 = 0
operation steps: 1, 1, input: 12, input: 1.324
10/20/22 - 09:42:22        12 + 1.324 = 13.324
operation steps: 1, 2, input: 123, input: -12.21
10/20/22 - 09:42:45        123 - -12.21 = 135.21
!exit!
operation steps: 1, 4, input: 0, input: 0
10/20/22 - 17:58:08        0 / = 0
operation steps: 1, 5, input: 0, input: 0
operation steps: 1, 5, input: 0, input: 0
10/20/22 - 18:00:11        0 // = 0
operation steps: 1, 5, input: 10, input: 0
10/20/22 - 18:00:29        10 // = 0
!exit!
operation steps: 1, 4, input: 0, input: 0
10/20/22 - 18:02:37        0 / 0 = 0
operation steps: 1, 5, input: 12, input: 0
10/20/22 - 18:03:00        12 // 0 = 0
!exit!
operation steps: 2, 4, input: 0, input: 0, input: 0, input: 0
10/20/22 - 18:04:07        0j / 0j = 0
!exit!
operation steps: 1, 6, input: 1, input: 0
10/20/22 - 22:57:07        1 % 0 = dividion by zero error!
!exit!